SF:/home/mantzas/src/dotnet/natron/src/Natron/Service.cs
FN:57,System.Void Natron.Service::SetupCancelKeyPress()
FNDA:0,System.Void Natron.Service::SetupCancelKeyPress()
DA:58,0
DA:59,0
DA:60,0
DA:61,0
DA:62,0
DA:63,0
DA:64,0
DA:65,0
DA:66,0
FN:68,System.Void Natron.Service::SetupDefaultHttpComponent(System.Collections.Generic.IEnumerable`1<Natron.Http.Route>,System.Collections.Generic.IEnumerable`1<Natron.Http.Health.HealthCheck>)
FNDA:0,System.Void Natron.Service::SetupDefaultHttpComponent(System.Collections.Generic.IEnumerable`1<Natron.Http.Route>,System.Collections.Generic.IEnumerable`1<Natron.Http.Health.HealthCheck>)
DA:69,0
DA:70,0
DA:71,0
FN:73,System.Void Natron.Service::GracefulShutdownComponents()
FNDA:0,System.Void Natron.Service::GracefulShutdownComponents()
DA:74,0
DA:75,0
DA:76,0
DA:77,0
DA:80,0
DA:81,0
DA:82,0
BRDA:75,9,0,0
BRDA:75,9,1,0
FN:84,System.Void Natron.Service::AppendComponents(System.Collections.Generic.IEnumerable`1<Natron.IComponent>)
FNDA:0,System.Void Natron.Service::AppendComponents(System.Collections.Generic.IEnumerable`1<Natron.IComponent>)
DA:85,0
DA:86,0
DA:87,0
DA:88,0
DA:91,0
DA:92,0
BRDA:86,7,0,0
BRDA:86,7,1,0
FN:19,System.Void Natron.Service::.ctor(Microsoft.Extensions.Logging.ILoggerFactory,System.Collections.Generic.IEnumerable`1<Natron.Http.Route>,System.Collections.Generic.IEnumerable`1<Natron.Http.Health.HealthCheck>,System.Collections.Generic.IEnumerable`1<Natron.IComponent>)
FNDA:0,System.Void Natron.Service::.ctor(Microsoft.Extensions.Logging.ILoggerFactory,System.Collections.Generic.IEnumerable`1<Natron.Http.Route>,System.Collections.Generic.IEnumerable`1<Natron.Http.Health.HealthCheck>,System.Collections.Generic.IEnumerable`1<Natron.IComponent>)
DA:20,0
DA:21,0
DA:22,0
DA:23,0
DA:24,0
DA:25,0
DA:26,0
DA:27,0
DA:28,0
DA:29,0
DA:30,0
DA:31,0
DA:32,0
FN:34,System.Void Natron.Service/<Run>d__6::MoveNext()
FNDA:0,System.Void Natron.Service/<Run>d__6::MoveNext()
DA:35,0
DA:37,0
DA:38,0
DA:39,0
DA:40,0
DA:41,0
DA:42,0
DA:44,0
DA:46,0
DA:48,0
DA:49,0
DA:50,0
DA:51,0
DA:52,0
DA:53,0
DA:54,0
DA:55,0
BRDA:35,18,0,0
BRDA:35,24,0,0
BRDA:39,151,1,0
BRDA:39,151,0,0
BRDA:44,214,0,0
BRDA:35,18,1,0
BRDA:44,214,1,0
BRDA:48,327,0,0
BRDA:35,24,1,0
BRDA:48,327,1,0
LF:55
LH:0
BRF:14
BRH:0
FNF:6
FNH:0
end_of_record
SF:/home/mantzas/src/dotnet/natron/src/Natron/ServiceBuilder.cs
FN:20,Natron.ServiceBuilder Natron.ServiceBuilder::Create(Microsoft.Extensions.Logging.ILoggerFactory)
FNDA:0,Natron.ServiceBuilder Natron.ServiceBuilder::Create(Microsoft.Extensions.Logging.ILoggerFactory)
DA:21,0
DA:22,0
DA:23,0
DA:24,0
DA:25,0
DA:26,0
FN:28,Natron.ServiceBuilder Natron.ServiceBuilder::ConfigureRoutes(System.Collections.Generic.IEnumerable`1<Natron.Http.Route>)
FNDA:0,Natron.ServiceBuilder Natron.ServiceBuilder::ConfigureRoutes(System.Collections.Generic.IEnumerable`1<Natron.Http.Route>)
DA:29,0
DA:30,0
DA:31,0
DA:32,0
FN:34,Natron.ServiceBuilder Natron.ServiceBuilder::ConfigureHealthChecks(System.Collections.Generic.IEnumerable`1<Natron.Http.Health.HealthCheck>)
FNDA:0,Natron.ServiceBuilder Natron.ServiceBuilder::ConfigureHealthChecks(System.Collections.Generic.IEnumerable`1<Natron.Http.Health.HealthCheck>)
DA:35,0
DA:36,0
DA:37,0
DA:38,0
FN:40,Natron.ServiceBuilder Natron.ServiceBuilder::ConfigureComponents(System.Collections.Generic.IEnumerable`1<Natron.IComponent>)
FNDA:0,Natron.ServiceBuilder Natron.ServiceBuilder::ConfigureComponents(System.Collections.Generic.IEnumerable`1<Natron.IComponent>)
DA:41,0
DA:42,0
DA:43,0
DA:44,0
FN:46,Natron.Service Natron.ServiceBuilder::Build()
FNDA:0,Natron.Service Natron.ServiceBuilder::Build()
DA:47,0
DA:48,0
DA:49,0
FN:15,System.Void Natron.ServiceBuilder::.ctor()
FNDA:0,System.Void Natron.ServiceBuilder::.ctor()
DA:16,0
DA:17,0
DA:18,0
LF:24
LH:0
BRF:0
BRH:0
FNF:6
FNH:0
end_of_record
SF:/home/mantzas/src/dotnet/natron/src/Natron/Http/Component.cs
FN:37,System.Threading.Tasks.Task Natron.Http.Component::RunAsync(System.Threading.CancellationToken)
FNDA:1,System.Threading.Tasks.Task Natron.Http.Component::RunAsync(System.Threading.CancellationToken)
DA:38,1
DA:39,1
DA:40,1
DA:41,1
FN:43,Microsoft.AspNetCore.Hosting.IWebHost Natron.Http.Component::CreateWebHost()
FNDA:1,Microsoft.AspNetCore.Hosting.IWebHost Natron.Http.Component::CreateWebHost()
DA:44,1
DA:45,1
DA:46,1
DA:47,2
DA:48,2
DA:49,2
DA:50,2
DA:51,2
DA:52,2
DA:53,3
DA:54,3
DA:55,3
DA:56,1
DA:57,2
DA:58,6
DA:59,2
DA:60,2
DA:61,2
DA:62,1
DA:63,3
DA:64,2
DA:65,2
DA:66,1
DA:68,1
DA:69,1
BRDA:45,34,0,1
BRDA:45,34,1,1
BRDA:45,70,0,1
BRDA:45,70,1,1
BRDA:45,106,0,1
BRDA:45,106,1,1
FN:71,Microsoft.AspNetCore.Routing.IRouter Natron.Http.Component::BuildRouter(Microsoft.AspNetCore.Builder.IApplicationBuilder)
FNDA:1,Microsoft.AspNetCore.Routing.IRouter Natron.Http.Component::BuildRouter(Microsoft.AspNetCore.Builder.IApplicationBuilder)
DA:72,1
DA:73,1
DA:74,3
DA:75,0
DA:76,0
DA:77,0
DA:78,0
DA:79,0
DA:80,0
DA:81,0
DA:82,0
DA:83,0
DA:84,0
DA:85,0
DA:87,0
DA:88,0
DA:89,0
DA:90,0
DA:91,0
DA:93,1
DA:94,1
BRDA:74,256,1,0
BRDA:76,58,0,0
BRDA:76,58,1,0
BRDA:74,256,0,1
FN:24,System.Void Natron.Http.Component::.ctor(Microsoft.Extensions.Logging.ILoggerFactory,System.Collections.Generic.IEnumerable`1<Natron.Http.Route>,System.Collections.Generic.IEnumerable`1<Natron.Http.Health.HealthCheck>)
FNDA:1,System.Void Natron.Http.Component::.ctor(Microsoft.Extensions.Logging.ILoggerFactory,System.Collections.Generic.IEnumerable`1<Natron.Http.Route>,System.Collections.Generic.IEnumerable`1<Natron.Http.Health.HealthCheck>)
DA:25,1
DA:26,1
DA:27,1
DA:28,1
DA:29,1
DA:30,1
DA:31,1
DA:32,1
DA:33,1
DA:34,1
DA:35,1
BRDA:30,41,0,1
BRDA:30,41,1,1
BRDA:31,57,0,1
BRDA:31,57,1,1
LF:61
LH:45
BRF:16
BRH:13
FNF:4
FNH:4
end_of_record
SF:/home/mantzas/src/dotnet/natron/src/Natron/Http/Route.cs
FN:7,System.String Natron.Http.Route::get_Verb()
FNDA:1,System.String Natron.Http.Route::get_Verb()
DA:8,1
FN:8,System.String Natron.Http.Route::get_Template()
FNDA:1,System.String Natron.Http.Route::get_Template()
DA:9,1
FN:9,Microsoft.AspNetCore.Http.RequestDelegate Natron.Http.Route::get_Handler()
FNDA:1,Microsoft.AspNetCore.Http.RequestDelegate Natron.Http.Route::get_Handler()
DA:10,1
FN:10,System.Boolean Natron.Http.Route::get_Trace()
FNDA:1,System.Boolean Natron.Http.Route::get_Trace()
DA:11,1
FN:12,System.Void Natron.Http.Route::.ctor(System.String,System.String,Microsoft.AspNetCore.Http.RequestDelegate,System.Boolean)
FNDA:4,System.Void Natron.Http.Route::.ctor(System.String,System.String,Microsoft.AspNetCore.Http.RequestDelegate,System.Boolean)
DA:13,4
DA:14,4
DA:15,4
DA:16,3
DA:17,2
DA:18,1
DA:19,1
LF:11
LH:11
BRF:0
BRH:0
FNF:5
FNH:5
end_of_record
SF:/home/mantzas/src/dotnet/natron/src/Natron/Http/Middleware/ObservabilityMiddleware.cs
FN:29,Prometheus.Histogram Natron.Http.Middleware.ObservabilityMiddleware::CreateHttpRequestHistogram()
FNDA:1,Prometheus.Histogram Natron.Http.Middleware.ObservabilityMiddleware::CreateHttpRequestHistogram()
DA:30,1
DA:31,1
DA:32,1
DA:33,1
DA:34,1
DA:35,1
DA:36,1
DA:37,1
DA:38,1
DA:39,1
FN:13,System.Void Natron.Http.Middleware.ObservabilityMiddleware::.ctor(Microsoft.AspNetCore.Http.RequestDelegate)
FNDA:1,System.Void Natron.Http.Middleware.ObservabilityMiddleware::.ctor(Microsoft.AspNetCore.Http.RequestDelegate)
DA:14,1
DA:15,1
DA:16,1
DA:17,1
FN:11,System.Void Natron.Http.Middleware.ObservabilityMiddleware::.cctor()
FNDA:1,System.Void Natron.Http.Middleware.ObservabilityMiddleware::.cctor()
DA:12,1
FN:19,System.Void Natron.Http.Middleware.ObservabilityMiddleware/<InvokeAsync>d__3::MoveNext()
FNDA:1,System.Void Natron.Http.Middleware.ObservabilityMiddleware/<InvokeAsync>d__3::MoveNext()
DA:20,1
DA:21,1
DA:22,1
DA:23,1
DA:24,1
DA:25,1
DA:26,1
DA:27,1
BRDA:22,61,1,1
LF:23
LH:23
BRF:1
BRH:1
FNF:4
FNH:4
end_of_record
SF:/home/mantzas/src/dotnet/natron/src/Natron/Http/Health/DefaultHealthCheck.cs
FN:10,System.Threading.Tasks.Task`1<Microsoft.Extensions.Diagnostics.HealthChecks.HealthCheckResult> Natron.Http.Health.DefaultHealthCheck::CheckHealthAsync(Microsoft.Extensions.Diagnostics.HealthChecks.HealthCheckContext,System.Threading.CancellationToken)
FNDA:1,System.Threading.Tasks.Task`1<Microsoft.Extensions.Diagnostics.HealthChecks.HealthCheckResult> Natron.Http.Health.DefaultHealthCheck::CheckHealthAsync(Microsoft.Extensions.Diagnostics.HealthChecks.HealthCheckContext,System.Threading.CancellationToken)
DA:11,1
DA:12,1
DA:13,1
LF:3
LH:3
BRF:0
BRH:0
FNF:1
FNH:1
end_of_record
SF:/home/mantzas/src/dotnet/natron/src/Natron/Http/Health/HealthCheck.cs
FN:7,System.String Natron.Http.Health.HealthCheck::get_Name()
FNDA:2,System.String Natron.Http.Health.HealthCheck::get_Name()
DA:8,2
FN:8,Microsoft.Extensions.Diagnostics.HealthChecks.IHealthCheck Natron.Http.Health.HealthCheck::get_Instance()
FNDA:2,Microsoft.Extensions.Diagnostics.HealthChecks.IHealthCheck Natron.Http.Health.HealthCheck::get_Instance()
DA:9,2
FN:10,System.Void Natron.Http.Health.HealthCheck::.ctor(System.String,Microsoft.Extensions.Diagnostics.HealthChecks.IHealthCheck)
FNDA:4,System.Void Natron.Http.Health.HealthCheck::.ctor(System.String,Microsoft.Extensions.Diagnostics.HealthChecks.IHealthCheck)
DA:11,4
DA:12,4
DA:13,4
DA:14,3
DA:15,2
LF:7
LH:7
BRF:0
BRH:0
FNF:3
FNH:3
end_of_record