SF:/home/mantzas/src/dotnet/natron/src/Natron/Service.cs
FN:57,System.Void Natron.Service::SetupCancelKeyPress()
FNDA:1,System.Void Natron.Service::SetupCancelKeyPress()
DA:58,1
DA:59,1
DA:60,1
DA:61,1
DA:62,1
DA:63,1
DA:64,1
DA:65,1
DA:66,1
FN:68,System.Void Natron.Service::SetupDefaultHttpComponent(Natron.Http.HttpConfig)
FNDA:1,System.Void Natron.Service::SetupDefaultHttpComponent(Natron.Http.HttpConfig)
DA:69,1
DA:70,1
DA:71,1
FN:73,System.Void Natron.Service::GracefulShutdownComponents()
FNDA:1,System.Void Natron.Service::GracefulShutdownComponents()
DA:74,1
DA:75,1
DA:76,0
DA:77,0
DA:80,1
DA:81,1
DA:82,1
BRDA:75,9,0,0
BRDA:75,9,1,1
FN:84,System.Void Natron.Service::AppendComponents(System.Collections.Generic.IEnumerable`1<Natron.IComponent>)
FNDA:1,System.Void Natron.Service::AppendComponents(System.Collections.Generic.IEnumerable`1<Natron.IComponent>)
DA:85,1
DA:86,1
DA:87,0
DA:88,0
DA:91,1
DA:92,1
BRDA:86,7,0,0
BRDA:86,7,1,1
FN:19,System.Void Natron.Service::.ctor(Microsoft.Extensions.Logging.ILoggerFactory,System.Threading.CancellationTokenSource,Natron.Http.HttpConfig,System.Collections.Generic.IEnumerable`1<Natron.IComponent>)
FNDA:1,System.Void Natron.Service::.ctor(Microsoft.Extensions.Logging.ILoggerFactory,System.Threading.CancellationTokenSource,Natron.Http.HttpConfig,System.Collections.Generic.IEnumerable`1<Natron.IComponent>)
DA:20,1
DA:21,1
DA:22,1
DA:23,1
DA:24,1
DA:25,1
DA:26,1
DA:27,1
DA:28,1
DA:29,1
DA:30,1
DA:31,1
DA:32,1
DA:33,1
BRDA:28,52,0,0
BRDA:28,52,1,1
FN:35,System.Void Natron.Service/<RunAsync>d__7::MoveNext()
FNDA:1,System.Void Natron.Service/<RunAsync>d__7::MoveNext()
DA:36,1
DA:38,1
DA:39,5
DA:40,1
DA:41,1
DA:42,1
DA:44,1
DA:46,1
DA:48,1
DA:49,1
DA:50,0
DA:51,0
DA:52,0
DA:53,0
DA:54,0
DA:55,1
BRDA:36,18,0,1
BRDA:36,24,0,1
BRDA:39,145,1,1
BRDA:39,145,0,1
BRDA:44,213,0,1
BRDA:36,18,1,1
BRDA:44,213,1,1
BRDA:48,331,1,1
LF:55
LH:46
BRF:14
BRH:11
FNF:6
FNH:6
end_of_record
SF:/home/mantzas/src/dotnet/natron/src/Natron/ServiceBuilder.cs
FN:23,Natron.ServiceBuilder Natron.ServiceBuilder::Create(Microsoft.Extensions.Logging.ILoggerFactory)
FNDA:1,Natron.ServiceBuilder Natron.ServiceBuilder::Create(Microsoft.Extensions.Logging.ILoggerFactory)
DA:24,1
DA:25,1
DA:26,1
DA:27,1
DA:28,1
DA:29,1
FN:31,Natron.ServiceBuilder Natron.ServiceBuilder::ConfigureCancellationTokenSource(System.Threading.CancellationTokenSource)
FNDA:1,Natron.ServiceBuilder Natron.ServiceBuilder::ConfigureCancellationTokenSource(System.Threading.CancellationTokenSource)
DA:32,1
DA:33,1
DA:34,1
DA:35,1
FN:37,Natron.ServiceBuilder Natron.ServiceBuilder::ConfigureHttp(Natron.Http.HttpConfig)
FNDA:0,Natron.ServiceBuilder Natron.ServiceBuilder::ConfigureHttp(Natron.Http.HttpConfig)
DA:38,0
DA:39,0
DA:40,0
DA:41,0
FN:43,Natron.ServiceBuilder Natron.ServiceBuilder::ConfigureComponents(System.Collections.Generic.IEnumerable`1<Natron.IComponent>)
FNDA:0,Natron.ServiceBuilder Natron.ServiceBuilder::ConfigureComponents(System.Collections.Generic.IEnumerable`1<Natron.IComponent>)
DA:44,0
DA:45,0
DA:46,0
DA:47,0
FN:49,Natron.Service Natron.ServiceBuilder::Build()
FNDA:1,Natron.Service Natron.ServiceBuilder::Build()
DA:50,1
DA:51,1
DA:52,1
FN:15,System.Void Natron.ServiceBuilder::.ctor()
FNDA:1,System.Void Natron.ServiceBuilder::.ctor()
DA:16,1
DA:17,1
DA:18,1
DA:19,1
DA:20,1
DA:21,1
LF:27
LH:19
BRF:0
BRH:0
FNF:6
FNH:4
end_of_record
SF:/home/mantzas/src/dotnet/natron/src/Natron/Http/Component.cs
FN:30,System.Threading.Tasks.Task Natron.Http.Component::RunAsync(System.Threading.CancellationToken)
FNDA:2,System.Threading.Tasks.Task Natron.Http.Component::RunAsync(System.Threading.CancellationToken)
DA:31,2
DA:32,2
DA:33,2
DA:34,2
FN:36,Microsoft.AspNetCore.Hosting.IWebHost Natron.Http.Component::CreateWebHost()
FNDA:2,Microsoft.AspNetCore.Hosting.IWebHost Natron.Http.Component::CreateWebHost()
DA:37,2
DA:38,2
DA:39,2
DA:40,4
DA:41,4
DA:42,4
DA:43,4
DA:44,4
DA:45,4
DA:46,6
DA:47,6
DA:48,6
DA:49,2
DA:50,4
DA:51,12
DA:52,4
DA:53,4
DA:54,4
DA:55,2
DA:56,6
DA:57,4
DA:58,4
DA:59,2
DA:60,2
DA:62,2
DA:63,2
BRDA:38,34,0,1
BRDA:38,34,1,2
BRDA:38,70,0,1
BRDA:38,70,1,2
BRDA:38,106,0,1
BRDA:38,106,1,2
FN:65,Microsoft.AspNetCore.Routing.IRouter Natron.Http.Component::BuildRouter(Microsoft.AspNetCore.Builder.IApplicationBuilder)
FNDA:2,Microsoft.AspNetCore.Routing.IRouter Natron.Http.Component::BuildRouter(Microsoft.AspNetCore.Builder.IApplicationBuilder)
DA:66,2
DA:67,2
DA:68,6
DA:69,0
DA:70,0
DA:71,0
DA:72,0
DA:73,0
DA:74,0
DA:75,0
DA:76,0
DA:77,0
DA:78,0
DA:79,0
DA:81,0
DA:82,0
DA:83,0
DA:84,0
DA:85,0
DA:87,2
DA:88,2
BRDA:68,263,1,0
BRDA:70,64,0,0
BRDA:70,64,1,0
BRDA:68,263,0,2
FN:90,Natron.Http.HttpConfig Natron.Http.Component::ApplySaneConfigDefaults(Natron.Http.HttpConfig)
FNDA:2,Natron.Http.HttpConfig Natron.Http.Component::ApplySaneConfigDefaults(Natron.Http.HttpConfig)
DA:91,2
DA:92,2
DA:93,2
DA:94,2
DA:95,2
DA:97,2
DA:98,1
DA:99,1
DA:102,1
DA:103,1
DA:105,1
DA:106,2
BRDA:92,17,0,2
BRDA:92,17,1,2
BRDA:97,64,0,1
BRDA:97,64,1,1
FN:22,System.Void Natron.Http.Component::.ctor(Microsoft.Extensions.Logging.ILoggerFactory,Natron.Http.HttpConfig)
FNDA:2,System.Void Natron.Http.Component::.ctor(Microsoft.Extensions.Logging.ILoggerFactory,Natron.Http.HttpConfig)
DA:23,2
DA:24,2
DA:25,2
DA:26,2
DA:27,2
DA:28,2
LF:69
LH:53
BRF:16
BRH:13
FNF:5
FNH:5
end_of_record
SF:/home/mantzas/src/dotnet/natron/src/Natron/Http/HttpConfig.cs
FN:8,System.Collections.Generic.List`1<Natron.Http.Health.HealthCheck> Natron.Http.HttpConfig::get_HealthChecks()
FNDA:6,System.Collections.Generic.List`1<Natron.Http.Health.HealthCheck> Natron.Http.HttpConfig::get_HealthChecks()
DA:9,6
FN:9,System.Collections.Generic.List`1<Natron.Http.Route> Natron.Http.HttpConfig::get_Routes()
FNDA:2,System.Collections.Generic.List`1<Natron.Http.Route> Natron.Http.HttpConfig::get_Routes()
DA:10,2
FN:10,System.Collections.Generic.List`1<System.String> Natron.Http.HttpConfig::get_Urls()
FNDA:7,System.Collections.Generic.List`1<System.String> Natron.Http.HttpConfig::get_Urls()
DA:11,7
FN:20,System.Void Natron.Http.HttpConfig::AddHealthChecks(Natron.Http.Health.HealthCheck[])
FNDA:0,System.Void Natron.Http.HttpConfig::AddHealthChecks(Natron.Http.Health.HealthCheck[])
DA:21,0
DA:22,0
DA:23,0
FN:25,System.Void Natron.Http.HttpConfig::AddRoutes(Natron.Http.Route[])
FNDA:0,System.Void Natron.Http.HttpConfig::AddRoutes(Natron.Http.Route[])
DA:26,0
DA:27,0
DA:28,0
FN:30,System.Void Natron.Http.HttpConfig::AddUrls(System.String[])
FNDA:1,System.Void Natron.Http.HttpConfig::AddUrls(System.String[])
DA:31,1
DA:32,1
DA:33,1
FN:12,System.Void Natron.Http.HttpConfig::.ctor()
FNDA:2,System.Void Natron.Http.HttpConfig::.ctor()
DA:13,2
DA:14,2
DA:15,2
DA:16,2
DA:17,2
DA:18,2
LF:18
LH:12
BRF:0
BRH:0
FNF:7
FNH:5
end_of_record
SF:/home/mantzas/src/dotnet/natron/src/Natron/Http/Route.cs
FN:7,System.String Natron.Http.Route::get_Verb()
FNDA:1,System.String Natron.Http.Route::get_Verb()
DA:8,1
FN:8,System.String Natron.Http.Route::get_Template()
FNDA:1,System.String Natron.Http.Route::get_Template()
DA:9,1
FN:9,Microsoft.AspNetCore.Http.RequestDelegate Natron.Http.Route::get_Handler()
FNDA:1,Microsoft.AspNetCore.Http.RequestDelegate Natron.Http.Route::get_Handler()
DA:10,1
FN:10,System.Boolean Natron.Http.Route::get_Trace()
FNDA:1,System.Boolean Natron.Http.Route::get_Trace()
DA:11,1
FN:12,System.Void Natron.Http.Route::.ctor(System.String,System.String,Microsoft.AspNetCore.Http.RequestDelegate,System.Boolean)
FNDA:4,System.Void Natron.Http.Route::.ctor(System.String,System.String,Microsoft.AspNetCore.Http.RequestDelegate,System.Boolean)
DA:13,4
DA:14,4
DA:15,4
DA:16,3
DA:17,2
DA:18,1
DA:19,1
LF:11
LH:11
BRF:0
BRH:0
FNF:5
FNH:5
end_of_record
SF:/home/mantzas/src/dotnet/natron/src/Natron/Http/Middleware/ObservabilityMiddleware.cs
FN:29,Prometheus.Histogram Natron.Http.Middleware.ObservabilityMiddleware::CreateHttpRequestHistogram()
FNDA:1,Prometheus.Histogram Natron.Http.Middleware.ObservabilityMiddleware::CreateHttpRequestHistogram()
DA:30,1
DA:31,1
DA:32,1
DA:33,1
DA:34,1
DA:35,1
DA:36,1
DA:37,1
DA:38,1
DA:39,1
FN:13,System.Void Natron.Http.Middleware.ObservabilityMiddleware::.ctor(Microsoft.AspNetCore.Http.RequestDelegate)
FNDA:1,System.Void Natron.Http.Middleware.ObservabilityMiddleware::.ctor(Microsoft.AspNetCore.Http.RequestDelegate)
DA:14,1
DA:15,1
DA:16,1
DA:17,1
FN:11,System.Void Natron.Http.Middleware.ObservabilityMiddleware::.cctor()
FNDA:1,System.Void Natron.Http.Middleware.ObservabilityMiddleware::.cctor()
DA:12,1
FN:19,System.Void Natron.Http.Middleware.ObservabilityMiddleware/<InvokeAsync>d__3::MoveNext()
FNDA:1,System.Void Natron.Http.Middleware.ObservabilityMiddleware/<InvokeAsync>d__3::MoveNext()
DA:20,1
DA:21,1
DA:22,1
DA:23,1
DA:24,1
DA:25,1
DA:26,1
DA:27,1
BRDA:22,61,1,1
LF:23
LH:23
BRF:1
BRH:1
FNF:4
FNH:4
end_of_record
SF:/home/mantzas/src/dotnet/natron/src/Natron/Http/Health/DefaultHealthCheck.cs
FN:10,System.Threading.Tasks.Task`1<Microsoft.Extensions.Diagnostics.HealthChecks.HealthCheckResult> Natron.Http.Health.DefaultHealthCheck::CheckHealthAsync(Microsoft.Extensions.Diagnostics.HealthChecks.HealthCheckContext,System.Threading.CancellationToken)
FNDA:1,System.Threading.Tasks.Task`1<Microsoft.Extensions.Diagnostics.HealthChecks.HealthCheckResult> Natron.Http.Health.DefaultHealthCheck::CheckHealthAsync(Microsoft.Extensions.Diagnostics.HealthChecks.HealthCheckContext,System.Threading.CancellationToken)
DA:11,1
DA:12,1
DA:13,1
LF:3
LH:3
BRF:0
BRH:0
FNF:1
FNH:1
end_of_record
SF:/home/mantzas/src/dotnet/natron/src/Natron/Http/Health/HealthCheck.cs
FN:7,System.String Natron.Http.Health.HealthCheck::get_Name()
FNDA:3,System.String Natron.Http.Health.HealthCheck::get_Name()
DA:8,3
FN:8,Microsoft.Extensions.Diagnostics.HealthChecks.IHealthCheck Natron.Http.Health.HealthCheck::get_Instance()
FNDA:3,Microsoft.Extensions.Diagnostics.HealthChecks.IHealthCheck Natron.Http.Health.HealthCheck::get_Instance()
DA:9,3
FN:10,System.Void Natron.Http.Health.HealthCheck::.ctor(System.String,Microsoft.Extensions.Diagnostics.HealthChecks.IHealthCheck)
FNDA:5,System.Void Natron.Http.Health.HealthCheck::.ctor(System.String,Microsoft.Extensions.Diagnostics.HealthChecks.IHealthCheck)
DA:11,5
DA:12,5
DA:13,5
DA:14,4
DA:15,3
LF:7
LH:7
BRF:0
BRH:0
FNF:3
FNH:3
end_of_record